[35m[Appium][39m Welcome to Appium v1.22.3
[35m[Appium][39m Non-default server args:
[35m[Appium][39m   port: 53794
[35m[Appium][39m   tmpDir: C:\Users\endan\AppData\Local\Temp\\Katalon\Appium\Temp1691035281677
[35m[Appium][39m   chromedriverPort: 53795
[35m[Appium][39m Deprecated server args:
[35m[Appium][39m   [31m--chromedriver-port[39m => --default-capabilities
[35m[Appium][39m Default capabilities, which will be added to each request unless overridden by desired capabilities:
[35m[Appium][39m   chromedriverPort: 53795
[35m[Appium][39m Appium REST http interface listener started on 0.0.0.0:53794
[35m[HTTP][39m [37m-->[39m [37mGET[39m [37m/wd/hub/status[39m
[35m[HTTP][39m [90m{}[39m
[debug] [35m[GENERIC][39m Calling AppiumDriver.getStatus() with args: []
[debug] [35m[GENERIC][39m Responding to client with driver.getStatus() result: {"build":{"version":"1.22.3"}}
[35m[HTTP][39m [37m<-- GET /wd/hub/status [39m[32m200[39m [90m6 ms - 68[39m
[35m[HTTP][39m [90m[39m
[35m[HTTP][39m [37m-->[39m [37mGET[39m [37m/wd/hub/status[39m
[35m[HTTP][39m [90m{}[39m
[debug] [35m[GENERIC][39m Calling AppiumDriver.getStatus() with args: []
[debug] [35m[GENERIC][39m Responding to client with driver.getStatus() result: {"build":{"version":"1.22.3"}}
[35m[HTTP][39m [37m<-- GET /wd/hub/status [39m[32m200[39m [90m1 ms - 68[39m
[35m[HTTP][39m [90m[39m
[35m[HTTP][39m [37m-->[39m [37mPOST[39m [37m/wd/hub/session[39m
[35m[HTTP][39m [90m{"desiredCapabilities":{"appPackage":"com.android.settings","noReset":true,"deviceId":"emulator-5554","deviceName":"emulator-5554 (sdk_gphone64_x86_64 - Android 13)","fullReset":false,"platform":"ANDROID","appActivity":".Settings","newCommandTimeout":1800,"platformVersion":"13","automationName":"uiautomator2","autoGrantPermissions":true,"platformName":"Android","udid":"emulator-5554","systemPort":8209},"capabilities":{"firstMatch":[{"appium:appActivity":".Settings","appium:appPackage":"com.android.settings","appium:autoGrantPermissions":true,"appium:automationName":"uiautomator2","deviceId":"emulator-5554","appium:deviceName":"emulator-5554 (sdk_gphone64_x86_64 - Android 13)","appium:fullReset":false,"appium:newCommandTimeout":1800,"appium:noReset":true,"platform":"ANDROID","platformName":"android","appium:platformVersion":"13","appium:systemPort":8209,"appium:udid":"emulator-5554"}]}}[39m
[debug] [35m[W3C][39m Calling AppiumDriver.createSession() with args: [{"appPackage":"com.android.settings","noReset":true,"deviceId":"emulator-5554","deviceName":"emulator-5554 (sdk_gphone64_x86_64 - Android 13)","fullReset":false,"platform":"ANDROID","appActivity":".Settings","newCommandTimeout":1800,"platformVersion":"13","automationName":"uiautomator2","autoGrantPermissions":true,"platformName":"Android","udid":"emulator-5554","systemPort":8209},null,{"firstMatch":[{"appium:appActivity":".Settings","appium:appPackage":"com.android.settings","appium:autoGrantPermissions":true,"appium:automationName":"uiautomator2","deviceId":"emulator-5554","appium:deviceName":"emulator-5554 (sdk_gphone64_x86_64 - Android 13)","appium:fullReset":false,"appium:newCommandTimeout":1800,"appium:noReset":true,"platform":"ANDROID","platformName":"android","appium:platformVersion":"13","appium:systemPort":8209,"appium:udid":"emulator-5554"}]}]
[debug] [35m[BaseDriver][39m Event 'newSessionRequested' logged at 1691035283481 (11:01:23 GMT+0700 (Western Indonesia Time))
[35m[BaseDriver][39m The following capabilities are not standard capabilities and should have an extension prefix:
[35m[BaseDriver][39m   deviceId
[35m[BaseDriver][39m   platform
[35m[BaseDriver][39m   chromedriverPort
[35m[Appium][39m Appium v1.22.3 creating new AndroidUiautomator2Driver (v1.70.1) session
[debug] [35m[BaseDriver][39m W3C capabilities and MJSONWP desired capabilities were provided
[debug] [35m[BaseDriver][39m Creating session with W3C capabilities: {
[debug] [35m[BaseDriver][39m   "alwaysMatch": {
[debug] [35m[BaseDriver][39m     "appium:deviceId": "emulator-5554",
[debug] [35m[BaseDriver][39m     "appium:platform": "ANDROID",
[debug] [35m[BaseDriver][39m     "platformName": "android",
[debug] [35m[BaseDriver][39m     "appium:chromedriverPort": 53795,
[debug] [35m[BaseDriver][39m     "appium:appActivity": ".Settings",
[debug] [35m[BaseDriver][39m     "appium:appPackage": "com.android.settings",
[debug] [35m[BaseDriver][39m     "appium:autoGrantPermissions": true,
[debug] [35m[BaseDriver][39m     "appium:automationName": "uiautomator2",
[debug] [35m[BaseDriver][39m     "appium:deviceName": "emulator-5554 (sdk_gphone64_x86_64 - Android 13)",
[debug] [35m[BaseDriver][39m     "appium:fullReset": false,
[debug] [35m[BaseDriver][39m     "appium:newCommandTimeout": 1800,
[debug] [35m[BaseDriver][39m     "appium:noReset": true,
[debug] [35m[BaseDriver][39m     "appium:platformVersion": "13",
[debug] [35m[BaseDriver][39m     "appium:systemPort": 8209,
[debug] [35m[BaseDriver][39m     "appium:udid": "emulator-5554"
[debug] [35m[BaseDriver][39m   },
[debug] [35m[BaseDriver][39m   "firstMatch": [
[debug] [35m[BaseDriver][39m     {}
[debug] [35m[BaseDriver][39m   ]
[debug] [35m[BaseDriver][39m }
[35m[BaseDriver][39m The following capabilities were provided, but are not recognized by Appium:
[35m[BaseDriver][39m   deviceId
[35m[BaseDriver][39m   platform
[35m[BaseDriver][39m Session created with session id: 0b60bfc4-9c8c-4675-80be-f8e773ea6e52
[35m[UiAutomator2][39m Starting 'com.android.settings' directly on the device
[35m[ADB][39m Found 1 'build-tools' folders under 'C:\Users\endan\AppData\Local\Android\Sdk' (newest first):
[35m[ADB][39m     C:/Users/endan/AppData/Local/Android/Sdk/build-tools/34.0.0
[35m[ADB][39m Using 'adb.exe' from 'C:\Users\endan\AppData\Local\Android\Sdk\platform-tools\adb.exe'
[debug] [35m[ADB][39m Running 'C:\Users\endan\AppData\Local\Android\Sdk\platform-tools\adb.exe -P 5037 start-server'
[35m[AndroidDriver][39m Retrieving device list
[debug] [35m[ADB][39m Trying to find a connected android device
[debug] [35m[ADB][39m Getting connected devices
[debug] [35m[ADB][39m Connected devices: [{"udid":"emulator-5554","state":"device"}]
[35m[AndroidDriver][39m Using device: emulator-5554
[35m[ADB][39m Using 'adb.exe' from 'C:\Users\endan\AppData\Local\Android\Sdk\platform-tools\adb.exe'
[debug] [35m[ADB][39m Running 'C:\Users\endan\AppData\Local\Android\Sdk\platform-tools\adb.exe -P 5037 start-server'
[debug] [35m[ADB][39m Setting device id to emulator-5554
[debug] [35m[ADB][39m Running 'C:\Users\endan\AppData\Local\Android\Sdk\platform-tools\adb.exe -P 5037 -s emulator-5554 shell getprop ro.build.version.sdk'
[debug] [35m[ADB][39m Current device property 'ro.build.version.sdk': 33
[35m[ADB][39m Getting device platform version
[debug] [35m[ADB][39m Running 'C:\Users\endan\AppData\Local\Android\Sdk\platform-tools\adb.exe -P 5037 -s emulator-5554 shell getprop ro.build.version.release'
[debug] [35m[ADB][39m Current device property 'ro.build.version.release': 13
[debug] [35m[ADB][39m Device API level: 33
[35m[UiAutomator2][39m Relaxing hidden api policy
[debug] [35m[ADB][39m Running 'C:\Users\endan\AppData\Local\Android\Sdk\platform-tools\adb.exe -P 5037 -s emulator-5554 shell 'settings put global hidden_api_policy_pre_p_apps 1;settings put global hidden_api_policy_p_apps 1;settings put global hidden_api_policy 1''
[35m[AndroidDriver][39m No app sent in, not parsing package/activity
[debug] [35m[ADB][39m Running 'C:\Users\endan\AppData\Local\Android\Sdk\platform-tools\adb.exe -P 5037 -s emulator-5554 wait-for-device'
[debug] [35m[ADB][39m Running 'C:\Users\endan\AppData\Local\Android\Sdk\platform-tools\adb.exe -P 5037 -s emulator-5554 shell echo ping'
[debug] [35m[AndroidDriver][39m Pushing settings apk to device...
[debug] [35m[ADB][39m Getting install status for io.appium.settings
[debug] [35m[ADB][39m Running 'C:\Users\endan\AppData\Local\Android\Sdk\platform-tools\adb.exe -P 5037 -s emulator-5554 shell dumpsys package io.appium.settings'
[debug] [35m[ADB][39m 'io.appium.settings' is installed
[debug] [35m[ADB][39m Getting package info for 'io.appium.settings'
[debug] [35m[ADB][39m Running 'C:\Users\endan\AppData\Local\Android\Sdk\platform-tools\adb.exe -P 5037 -s emulator-5554 shell dumpsys package io.appium.settings'
[debug] [35m[ADB][39m The version name of the installed 'io.appium.settings' is greater or equal to the application version name ('3.4.0' >= '3.4.0')
[debug] [35m[ADB][39m There is no need to install/upgrade 'C:\Users\endan\AppData\Roaming\npm\node_modules\appium\node_modules\io.appium.settings\apks\settings_apk-debug.apk'
[debug] [35m[ADB][39m Getting IDs of all 'io.appium.settings' processes
[debug] [35m[ADB][39m Running 'C:\Users\endan\AppData\Local\Android\Sdk\platform-tools\adb.exe -P 5037 -s emulator-5554 shell 'pgrep --help; echo $?''
[debug] [35m[ADB][39m Running 'C:\Users\endan\AppData\Local\Android\Sdk\platform-tools\adb.exe -P 5037 -s emulator-5554 shell pgrep -f \(\[\[:blank:\]\]\|\^\)io\.appium\.settings\(\[\[:blank:\]\]\|\$\)'
[debug] [35m[AndroidDriver][39m io.appium.settings is already running. There is no need to reset its permissions.
[debug] [35m[Logcat][39m Starting logs capture with command: C:\\Users\\endan\\AppData\\Local\\Android\\Sdk\\platform-tools\\adb.exe -P 5037 -s emulator-5554 logcat -v threadtime
[debug] [35m[UiAutomator2][39m Forwarding UiAutomator2 Server port 6790 to local port 8209
[debug] [35m[ADB][39m Forwarding system: 8209 to device: 6790
[debug] [35m[ADB][39m Running 'C:\Users\endan\AppData\Local\Android\Sdk\platform-tools\adb.exe -P 5037 -s emulator-5554 forward tcp:8209 tcp:6790'
[debug] [35m[ADB][39m Getting install status for io.appium.uiautomator2.server
[debug] [35m[ADB][39m Running 'C:\Users\endan\AppData\Local\Android\Sdk\platform-tools\adb.exe -P 5037 -s emulator-5554 shell dumpsys package io.appium.uiautomator2.server'
[debug] [35m[ADB][39m 'io.appium.uiautomator2.server' is installed
[debug] [35m[ADB][39m Getting package info for 'io.appium.uiautomator2.server'
[debug] [35m[ADB][39m Running 'C:\Users\endan\AppData\Local\Android\Sdk\platform-tools\adb.exe -P 5037 -s emulator-5554 shell dumpsys package io.appium.uiautomator2.server'
[debug] [35m[ADB][39m The version name of the installed 'io.appium.uiautomator2.server' is greater or equal to the application version name ('4.27.0' >= '4.27.0')
[debug] [35m[UiAutomator2][39m io.appium.uiautomator2.server installation state: sameVersionInstalled
[debug] [35m[ADB][39m Checking app cert for C:\Users\endan\AppData\Roaming\npm\node_modules\appium\node_modules\appium-uiautomator2-server\apks\appium-uiautomator2-server-v4.27.0.apk
[35m[ADB][39m Using 'apksigner.jar' from 'C:\Users\endan\AppData\Local\Android\Sdk\build-tools\34.0.0\lib\apksigner.jar'
[debug] [35m[ADB][39m Starting apksigner: C:\\Users\\endan\\Downloads\\Katalon_Studio_Windows_64-8.6.0\\Katalon_Studio_Windows_64-8.6.0\\jre\\bin\\java.exe -Xmx1024M -Xss1m -jar C:\\Users\\endan\\AppData\\Local\\Android\\Sdk\\build-tools\\34.0.0\\lib\\apksigner.jar verify --print-certs C:\\Users\\endan\\AppData\\Roaming\\npm\\node_modules\\appium\\node_modules\\appium-uiautomator2-server\\apks\\appium-uiautomator2-server-v4.27.0.apk
[debug] [35m[ADB][39m apksigner stdout: Signer #1 certificate DN: EMAILADDRESS=android@android.com, CN=Android, OU=Android, O=Android, L=Mountain View, ST=California, C=US
[debug] [35m[ADB][39m Signer #1 certificate SHA-256 digest: a40da80a59d170caa950cf15c18c454d47a39b26989d8b640ecd745ba71bf5dc
[debug] [35m[ADB][39m Signer #1 certificate SHA-1 digest: 61ed377e85d386a8dfee6b864bd85b0bfaa5af81
[debug] [35m[ADB][39m Signer #1 certificate MD5 digest: e89b158e4bcf988ebd09eb83f5378e87
[debug] [35m[ADB][39m 
[debug] [35m[ADB][39m sha256 hash did match for 'appium-uiautomator2-server-v4.27.0.apk'
[35m[ADB][39m 'C:\Users\endan\AppData\Roaming\npm\node_modules\appium\node_modules\appium-uiautomator2-server\apks\appium-uiautomator2-server-v4.27.0.apk' is signed with the default certificate
[debug] [35m[ADB][39m Getting install status for io.appium.uiautomator2.server.test
[debug] [35m[ADB][39m Running 'C:\Users\endan\AppData\Local\Android\Sdk\platform-tools\adb.exe -P 5037 -s emulator-5554 shell dumpsys package io.appium.uiautomator2.server.test'
[debug] [35m[ADB][39m 'io.appium.uiautomator2.server.test' is installed
[debug] [35m[ADB][39m Checking app cert for C:\Users\endan\AppData\Roaming\npm\node_modules\appium\node_modules\appium-uiautomator2-server\apks\appium-uiautomator2-server-debug-androidTest.apk
[debug] [35m[ADB][39m Starting apksigner: C:\\Users\\endan\\Downloads\\Katalon_Studio_Windows_64-8.6.0\\Katalon_Studio_Windows_64-8.6.0\\jre\\bin\\java.exe -Xmx1024M -Xss1m -jar C:\\Users\\endan\\AppData\\Local\\Android\\Sdk\\build-tools\\34.0.0\\lib\\apksigner.jar verify --print-certs C:\\Users\\endan\\AppData\\Roaming\\npm\\node_modules\\appium\\node_modules\\appium-uiautomator2-server\\apks\\appium-uiautomator2-server-debug-androidTest.apk
[debug] [35m[ADB][39m apksigner stdout: Signer #1 certificate DN: EMAILADDRESS=android@android.com, CN=Android, OU=Android, O=Android, L=Mountain View, ST=California, C=US
[debug] [35m[ADB][39m Signer #1 certificate SHA-256 digest: a40da80a59d170caa950cf15c18c454d47a39b26989d8b640ecd745ba71bf5dc
[debug] [35m[ADB][39m Signer #1 certificate SHA-1 digest: 61ed377e85d386a8dfee6b864bd85b0bfaa5af81
[debug] [35m[ADB][39m Signer #1 certificate MD5 digest: e89b158e4bcf988ebd09eb83f5378e87
[debug] [35m[ADB][39m 
[debug] [35m[ADB][39m sha256 hash did match for 'appium-uiautomator2-server-debug-androidTest.apk'
[35m[ADB][39m 'C:\Users\endan\AppData\Roaming\npm\node_modules\appium\node_modules\appium-uiautomator2-server\apks\appium-uiautomator2-server-debug-androidTest.apk' is signed with the default certificate
[35m[UiAutomator2][39m Server packages are not going to be (re)installed
[debug] [35m[UiAutomator2][39m Waiting up to 30000ms for services to be available
[debug] [35m[ADB][39m Running 'C:\Users\endan\AppData\Local\Android\Sdk\platform-tools\adb.exe -P 5037 -s emulator-5554 shell pm list instrumentation'
[debug] [35m[UiAutomator2][39m Instrumentation target 'io.appium.uiautomator2.server.test/androidx.test.runner.AndroidJUnitRunner' is available
[35m[ADB][39m Adding packages ["io.appium.settings","io.appium.uiautomator2.server","io.appium.uiautomator2.server.test"] to Doze whitelist
[debug] [35m[ADB][39m Got the following command chunks to execute: [["dumpsys","deviceidle","whitelist","+io.appium.settings",";","dumpsys","deviceidle","whitelist","+io.appium.uiautomator2.server",";","dumpsys","deviceidle","whitelist","+io.appium.uiautomator2.server.test",";"]]
[debug] [35m[ADB][39m Running 'C:\Users\endan\AppData\Local\Android\Sdk\platform-tools\adb.exe -P 5037 -s emulator-5554 shell dumpsys deviceidle whitelist +io.appium.settings ; dumpsys deviceidle whitelist +io.appium.uiautomator2.server ; dumpsys deviceidle whitelist +io.appium.uiautomator2.server.test ;'
[debug] [35m[UiAutomator2][39m No app capability. Assuming it is already on the device
[debug] [35m[UiAutomator2][39m Performing shallow cleanup of automation leftovers
[debug] [35m[UiAutomator2][39m No obsolete sessions have been detected (socket hang up)
[debug] [35m[ADB][39m Running 'C:\Users\endan\AppData\Local\Android\Sdk\platform-tools\adb.exe -P 5037 -s emulator-5554 shell am force-stop io.appium.uiautomator2.server.test'
[35m[UiAutomator2][39m Starting UIAutomator2 server 4.27.0
[35m[UiAutomator2][39m Using UIAutomator2 server from 'C:\Users\endan\AppData\Roaming\npm\node_modules\appium\node_modules\appium-uiautomator2-server\apks\appium-uiautomator2-server-v4.27.0.apk' and test from 'C:\Users\endan\AppData\Roaming\npm\node_modules\appium\node_modules\appium-uiautomator2-server\apks\appium-uiautomator2-server-debug-androidTest.apk'
[35m[UiAutomator2][39m Waiting up to 30000ms for UiAutomator2 to be online...
[debug] [35m[ADB][39m Creating ADB subprocess with args: ["-P",5037,"-s","emulator-5554","shell","am","instrument","-w","-e","disableAnalytics",true,"io.appium.uiautomator2.server.test/androidx.test.runner.AndroidJUnitRunner"]
[debug] [35m[WD Proxy][39m Matched '/status' to command name 'getStatus'
[debug] [35m[WD Proxy][39m Proxying [GET /status] to [GET http://127.0.0.1:8209/wd/hub/status] with no body
[35m[WD Proxy][39m socket hang up
[debug] [35m[WD Proxy][39m Matched '/status' to command name 'getStatus'
[debug] [35m[WD Proxy][39m Proxying [GET /status] to [GET http://127.0.0.1:8209/wd/hub/status] with no body
[35m[WD Proxy][39m socket hang up
[debug] [35m[Instrumentation][39m io.appium.uiautomator2.server.test.AppiumUiAutomator2Server:
[debug] [35m[WD Proxy][39m Matched '/status' to command name 'getStatus'
[debug] [35m[WD Proxy][39m Proxying [GET /status] to [GET http://127.0.0.1:8209/wd/hub/status] with no body
[35m[WD Proxy][39m socket hang up
[debug] [35m[WD Proxy][39m Matched '/status' to command name 'getStatus'
[debug] [35m[WD Proxy][39m Proxying [GET /status] to [GET http://127.0.0.1:8209/wd/hub/status] with no body
[debug] [35m[WD Proxy][39m Got response with status 200: {"sessionId":"None","value":{"message":"UiAutomator2 Server is ready to accept commands","ready":true}}
[debug] [35m[UiAutomator2][39m The initialization of the instrumentation process took 3203ms
[debug] [35m[WD Proxy][39m Matched '/session' to command name 'createSession'
[debug] [35m[WD Proxy][39m Proxying [POST /session] to [POST http://127.0.0.1:8209/wd/hub/session] with body: {"capabilities":{"firstMatch":[{"platform":"ANDROID","webStorageEnabled":false,"takesScreenshot":true,"javascriptEnabled":true,"databaseEnabled":false,"networkConnectionEnabled":true,"locationContextEnabled":false,"warnings":{},"desired":{"platformName":"android","deviceId":"emulator-5554","platform":"ANDROID","chromedriverPort":53795,"appActivity":".Settings","appPackage":"com.android.settings","autoGrantPermissions":true,"automationName":"uiautomator2","deviceName":"emulator-5554 (sdk_gphone64_x86_64 - Android 13)","fullReset":false,"newCommandTimeout":1800,"noReset":true,"platformVersion":"13","systemPort":8209,"udid":"emulator-5554"},"platformName":"android","deviceId":"emulator-5554","chromedriverPort":53795,"appActivity":".Settings","appPackage":"com.android.settings","autoGrantPermissions":true,"automationName":"uiautomator2","deviceName":"emulator-5554","fullReset":false,"newCommandTimeout":1800,"noReset":true,"platformVersion":"13","systemPort":8209,"udid":"emulator-5554","deviceUDID":"emulator-55...
[debug] [35m[WD Proxy][39m Got response with status 200: {"sessionId":"414acb57-f14a-447a-bacf-9ba455457312","value":{"capabilities":{"firstMatch":[{"platform":"ANDROID","webStorageEnabled":false,"takesScreenshot":true,"javascriptEnabled":true,"databaseEnabled":false,"networkConnectionEnabled":true,"locationContextEnabled":false,"warnings":{},"desired":{"platformName":"android","deviceId":"emulator-5554","platform":"ANDROID","chromedriverPort":53795,"appActivity":".Settings","appPackage":"com.android.settings","autoGrantPermissions":true,"automationName":"uiautomator2","deviceName":"emulator-5554 (sdk_gphone64_x86_64 - Android 13)","fullReset":false,"newCommandTimeout":1800,"noReset":true,"platformVersion":"13","systemPort":8209,"udid":"emulator-5554"},"platformName":"android","deviceId":"emulator-5554","chromedriverPort":53795,"appActivity":".Settings","appPackage":"com.android.settings","autoGrantPermissions":true,"automationName":"uiautomator2","deviceName":"emulator-5554","fullReset":false,"newCommandTimeout":1800,"noReset":true,"platformVersion":"13","syste...
[35m[WD Proxy][39m Determined the downstream protocol as 'W3C'
[debug] [35m[WD Proxy][39m Proxying [GET /appium/device/info] to [GET http://127.0.0.1:8209/wd/hub/session/414acb57-f14a-447a-bacf-9ba455457312/appium/device/info] with no body
[debug] [35m[WD Proxy][39m Got response with status 200: {"sessionId":"414acb57-f14a-447a-bacf-9ba455457312","value":{"androidId":"84ceffb88a5f0d24","apiVersion":"33","bluetooth":{"state":"ON"},"brand":"google","carrierName":"T-Mobile","displayDensity":440,"locale":"en_US","manufacturer":"Google","model":"sdk_gphone64_x86_64","networks":[{"capabilities":{"SSID":null,"linkDownBandwidthKbps":30000,"linkUpstreamBandwidthKbps":12000,"networkCapabilities":"NET_CAPABILITY_NOT_METERED,NET_CAPABILITY_INTERNET,NET_CAPABILITY_NOT_RESTRICTED,NET_CAPABILITY_TRUSTED,NET_CAPABILITY_NOT_VPN,NET_CAPABILITY_VALIDATED,NET_CAPABILITY_NOT_ROAMING,NET_CAPABILITY_FOREGROUND,NET_CAPABILITY_NOT_CONGESTED,NET_CAPABILITY_NOT_SUSPENDED","signalStrength":-50,"transportTypes":"TRANSPORT_WIFI"},"detailedState":"CONNECTED","extraInfo":"","isAvailable":true,"isConnected":true,"isFailover":false,"isRoaming":false,"state":"CONNECTED","subtype":-1,"subtypeName":"","type":1,"typeName":"WIFI"},{"capabilities":{"SSID":null,"linkDownBandwidthKbps":4300,"linkUpstreamBandwidthKbps":1800,"networkCapabil...
[debug] [35m[ADB][39m Running 'C:\Users\endan\AppData\Local\Android\Sdk\platform-tools\adb.exe -P 5037 -s emulator-5554 shell dumpsys window'
[35m[AndroidDriver][39m Screen already unlocked, doing nothing
[35m[UiAutomator2][39m Starting 'com.android.settings/.Settings and waiting for 'com.android.settings/.Settings'
[debug] [35m[ADB][39m Running 'C:\Users\endan\AppData\Local\Android\Sdk\platform-tools\adb.exe -P 5037 -s emulator-5554 shell am start -W -n com.android.settings/.Settings -S -a android.intent.action.MAIN -c android.intent.category.LAUNCHER -f 0x10200000'
[debug] [35m[WD Proxy][39m Proxying [GET /appium/device/pixel_ratio] to [GET http://127.0.0.1:8209/wd/hub/session/414acb57-f14a-447a-bacf-9ba455457312/appium/device/pixel_ratio] with no body
[debug] [35m[WD Proxy][39m Got response with status 200: {"sessionId":"414acb57-f14a-447a-bacf-9ba455457312","value":2.75}
[debug] [35m[WD Proxy][39m Matched '/appium/device/system_bars' to command name 'getSystemBars'
[debug] [35m[WD Proxy][39m Proxying [GET /appium/device/system_bars] to [GET http://127.0.0.1:8209/wd/hub/session/414acb57-f14a-447a-bacf-9ba455457312/appium/device/system_bars] with no body
[debug] [35m[WD Proxy][39m Got response with status 200: {"sessionId":"414acb57-f14a-447a-bacf-9ba455457312","value":{"statusBar":83}}
[debug] [35m[WD Proxy][39m Matched '/window/current/size' to command name 'getWindowSize'
[debug] [35m[WD Proxy][39m Proxying [GET /window/current/size] to [GET http://127.0.0.1:8209/wd/hub/session/414acb57-f14a-447a-bacf-9ba455457312/window/current/size] with no body
[debug] [35m[WD Proxy][39m Got response with status 200: {"sessionId":"414acb57-f14a-447a-bacf-9ba455457312","value":{"height":2214,"width":1080}}
[35m[Appium][39m New AndroidUiautomator2Driver session created successfully, session 0b60bfc4-9c8c-4675-80be-f8e773ea6e52 added to master session list
[debug] [35m[BaseDriver][39m Event 'newSessionStarted' logged at 1691035292188 (11:01:32 GMT+0700 (Western Indonesia Time))
[debug] [35m[W3C (0b60bfc4)][39m Cached the protocol value 'W3C' for the new session 0b60bfc4-9c8c-4675-80be-f8e773ea6e52
[debug] [35m[W3C (0b60bfc4)][39m Responding to client with driver.createSession() result: {"capabilities":{"platform":"ANDROID","webStorageEnabled":false,"takesScreenshot":true,"javascriptEnabled":true,"databaseEnabled":false,"networkConnectionEnabled":true,"locationContextEnabled":false,"warnings":{},"desired":{"platformName":"android","deviceId":"emulator-5554","platform":"ANDROID","chromedriverPort":53795,"appActivity":".Settings","appPackage":"com.android.settings","autoGrantPermissions":true,"automationName":"uiautomator2","deviceName":"emulator-5554 (sdk_gphone64_x86_64 - Android 13)","fullReset":false,"newCommandTimeout":1800,"noReset":true,"platformVersion":"13","systemPort":8209,"udid":"emulator-5554"},"platformName":"android","deviceId":"emulator-5554","chromedriverPort":53795,"appActivity":".Settings","appPackage":"com.android.settings","autoGrantPermissions":true,"automationName":"uiautomator2","deviceName":"emulator-5554","fullReset":false,"newCommandTimeout":1800,"noReset":true,"platformVersion":"13","systemPort":8209,"udid":"emulator-5554","deviceUDID":"emulator-5554","deviceApiL...
[35m[HTTP][39m [37m<-- POST /wd/hub/session [39m[32m200[39m [90m8710 ms - 1314[39m
[35m[HTTP][39m [90m[39m
[35m[HTTP][39m [37m-->[39m [37mGET[39m [37m/wd/hub/session/0b60bfc4-9c8c-4675-80be-f8e773ea6e52[39m
[35m[HTTP][39m [90m{}[39m
[debug] [35m[W3C (0b60bfc4)][39m Calling AppiumDriver.getSession() with args: ["0b60bfc4-9c8c-4675-80be-f8e773ea6e52"]
[debug] [35m[UiAutomator2][39m Getting session details from server to mix in
[debug] [35m[WD Proxy][39m Matched '/' to command name 'getSession'
[debug] [35m[WD Proxy][39m Proxying [GET /] to [GET http://127.0.0.1:8209/wd/hub/session/414acb57-f14a-447a-bacf-9ba455457312] with no body
[debug] [35m[WD Proxy][39m Got response with status 200: {"sessionId":"414acb57-f14a-447a-bacf-9ba455457312","value":{"lastScrollData":null}}
[debug] [35m[W3C (0b60bfc4)][39m Responding to client with driver.getSession() result: {"platform":"ANDROID","webStorageEnabled":false,"takesScreenshot":true,"javascriptEnabled":true,"databaseEnabled":false,"networkConnectionEnabled":true,"locationContextEnabled":false,"warnings":{},"desired":{"platformName":"android","deviceId":"emulator-5554","platform":"ANDROID","chromedriverPort":53795,"appActivity":".Settings","appPackage":"com.android.settings","autoGrantPermissions":true,"automationName":"uiautomator2","deviceName":"emulator-5554 (sdk_gphone64_x86_64 - Android 13)","fullReset":false,"newCommandTimeout":1800,"noReset":true,"platformVersion":"13","systemPort":8209,"udid":"emulator-5554"},"platformName":"android","deviceId":"emulator-5554","chromedriverPort":53795,"appActivity":".Settings","appPackage":"com.android.settings","autoGrantPermissions":true,"automationName":"uiautomator2","deviceName":"emulator-5554","fullReset":false,"newCommandTimeout":1800,"noReset":true,"platformVersion":"13","systemPort":8209,"udid":"emulator-5554","deviceUDID":"emulator-5554","deviceApiLevel":33,"device...
[35m[HTTP][39m [37m<-- GET /wd/hub/session/0b60bfc4-9c8c-4675-80be-f8e773ea6e52 [39m[32m200[39m [90m35 ms - 1268[39m
[35m[HTTP][39m [90m[39m
[35m[HTTP][39m [37m-->[39m [37mGET[39m [37m/wd/hub/session/0b60bfc4-9c8c-4675-80be-f8e773ea6e52[39m
[35m[HTTP][39m [90m{}[39m
[debug] [35m[W3C (0b60bfc4)][39m Calling AppiumDriver.getSession() with args: ["0b60bfc4-9c8c-4675-80be-f8e773ea6e52"]
[debug] [35m[UiAutomator2][39m Getting session details from server to mix in
[debug] [35m[WD Proxy][39m Matched '/' to command name 'getSession'
[debug] [35m[WD Proxy][39m Proxying [GET /] to [GET http://127.0.0.1:8209/wd/hub/session/414acb57-f14a-447a-bacf-9ba455457312] with no body
[debug] [35m[WD Proxy][39m Got response with status 200: {"sessionId":"414acb57-f14a-447a-bacf-9ba455457312","value":{"lastScrollData":null}}
[debug] [35m[W3C (0b60bfc4)][39m Responding to client with driver.getSession() result: {"platform":"ANDROID","webStorageEnabled":false,"takesScreenshot":true,"javascriptEnabled":true,"databaseEnabled":false,"networkConnectionEnabled":true,"locationContextEnabled":false,"warnings":{},"desired":{"platformName":"android","deviceId":"emulator-5554","platform":"ANDROID","chromedriverPort":53795,"appActivity":".Settings","appPackage":"com.android.settings","autoGrantPermissions":true,"automationName":"uiautomator2","deviceName":"emulator-5554 (sdk_gphone64_x86_64 - Android 13)","fullReset":false,"newCommandTimeout":1800,"noReset":true,"platformVersion":"13","systemPort":8209,"udid":"emulator-5554"},"platformName":"android","deviceId":"emulator-5554","chromedriverPort":53795,"appActivity":".Settings","appPackage":"com.android.settings","autoGrantPermissions":true,"automationName":"uiautomator2","deviceName":"emulator-5554","fullReset":false,"newCommandTimeout":1800,"noReset":true,"platformVersion":"13","systemPort":8209,"udid":"emulator-5554","deviceUDID":"emulator-5554","deviceApiLevel":33,"device...
[35m[HTTP][39m [37m<-- GET /wd/hub/session/0b60bfc4-9c8c-4675-80be-f8e773ea6e52 [39m[32m200[39m [90m11 ms - 1268[39m
[35m[HTTP][39m [90m[39m
[35m[HTTP][39m [37m-->[39m [37mGET[39m [37m/wd/hub/status[39m
[35m[HTTP][39m [90m{}[39m
[debug] [35m[GENERIC][39m Calling AppiumDriver.getStatus() with args: []
[debug] [35m[GENERIC][39m Responding to client with driver.getStatus() result: {"build":{"version":"1.22.3"}}
[35m[HTTP][39m [37m<-- GET /wd/hub/status [39m[32m200[39m [90m1 ms - 68[39m
[35m[HTTP][39m [90m[39m
[35m[HTTP][39m [37m-->[39m [37mPOST[39m [37m/wd/hub/session/0b60bfc4-9c8c-4675-80be-f8e773ea6e52/timeouts[39m
[35m[HTTP][39m [90m{"implicit":60000}[39m
[debug] [35m[W3C (0b60bfc4)][39m Calling AppiumDriver.timeouts() with args: [null,null,null,null,60000,"0b60bfc4-9c8c-4675-80be-f8e773ea6e52"]
[debug] [35m[BaseDriver][39m W3C timeout argument: {"implicit":60000}}
[debug] [35m[BaseDriver][39m Set implicit wait to 60000ms
[debug] [35m[W3C (0b60bfc4)][39m Responding to client with driver.timeouts() result: null
[35m[HTTP][39m [37m<-- POST /wd/hub/session/0b60bfc4-9c8c-4675-80be-f8e773ea6e52/timeouts [39m[32m200[39m [90m3 ms - 14[39m
[35m[HTTP][39m [90m[39m
[35m[HTTP][39m [37m-->[39m [37mGET[39m [37m/wd/hub/session/0b60bfc4-9c8c-4675-80be-f8e773ea6e52/screenshot[39m
[35m[HTTP][39m [90m{}[39m
[debug] [35m[W3C (0b60bfc4)][39m Calling AppiumDriver.getScreenshot() with args: ["0b60bfc4-9c8c-4675-80be-f8e773ea6e52"]
[debug] [35m[WD Proxy][39m Matched '/screenshot' to command name 'getScreenshot'
[debug] [35m[WD Proxy][39m Proxying [GET /screenshot] to [GET http://127.0.0.1:8209/wd/hub/session/414acb57-f14a-447a-bacf-9ba455457312/screenshot] with no body
[debug] [35m[WD Proxy][39m Got response with status 200: {"sessionId":"414acb57-f14a-447a-bacf-9ba455457312","value":"iVBORw0KGgoAAAANSUhEUgAABDgAAAjoCAYAAAA5jhrUAAAAAXNSR0IArs4c6QAAAARzQklUCAgI\nCHwIZIgAACAASURBVHic7N13fJXl3fjx7wkkYRNFhiJDtMpeinvjo9WqrYqt0la0itYO66hba7VD\nq3VbFbVV1FZb96iIrVr3QBkynChDEFmCrISEnN8f/EilQs5Jck7CDe/36+XrIeE613UdHE/PJ/d9\n3alFi5akAwAAACDBChp6AwAAAAB1JXAAAAAAiSdwAAAAAIkncAAAAACJJ3AAAAAAiSdwAAAAAIkn\ncAAAAACJJ3AAAAAAiSdwAAAAAIkncAAAAACJJ3AAAAAAiSdwAAAAAIkncAAAAACJJ3AAAAAAide4\noTcAbLjS6XTMnz8//vOf5+O9996NhQsXrnNco0aNon37DrHjjjvGLrvsGs2aNYtUKlXPuwUAADZl\nqUWLlqQbehPAhqW8vDweeuiBePvtt6OioiLS6ez/M5FKpaJJk6Zx8MEHx95775PHXQIAAPyXwAFU\nqaysjNtuGxHvv/9ejaLGuqy5guPqq6+NggJ3wwEAbGhWrFges2d/Fl9+uTiWLVsWy5cvj2bNmkXz\n5s2jVavWsdVWW0bTps0aeps5t3Dhwth8880behvkgVtUgIiImDp1avzpTzdGZWVlTuZbE0jefPON\n2HXX3XIyZ32bPn16XHvt1TV+XSqVip49e8WwYcdHUVFRHnYGAFBzM2fOiA8++CA+/PDDmDVrVixZ\n8mXG17Rs2So6duwY3/jGN2KHHXaIrbfuVA87zZ+XXnox5s+fH0cccWRDb4U8cAUHEPfff1+88cbr\ndb5qY12aN28Rv/vd7yMiYt68edG2bducr5EPn3zySVx//bV1nufyy6/YKH/yAQAkw4IFC+LNN9+I\nMWPeXO95ajWx+eabx6BBO8fO...
[debug] [35m[W3C (0b60bfc4)][39m Responding to client with driver.getScreenshot() result: "iVBORw0KGgoAAAANSUhEUgAABDgAAAjoCAYAAAA5jhrUAAAAAXNSR0IArs4c6QAAAARzQklUCAgI\nCHwIZIgAACAASURBVHic7N13fJXl3fjx7wkkYRNFhiJDtMpeinvjo9WqrYqt0la0itYO66hba7VD\nq3VbFbVV1FZb96iIrVr3QBkynChDEFmCrISEnN8f/EilQs5Jck7CDe/36+XrIeE613UdHE/PJ/d9\n3alFi5akAwAAACDBChp6AwAAAAB1JXAAAAAAiSdwAAAAAIkncAAAAACJJ3AAAAAAiSdwAAAAAIkn\ncAAAAACJJ3AAAAAAiSdwAAAAAIkncAAAAACJJ3AAAAAAiSdwAAAAAIkncAAAAACJJ3AAAAAAide4\noTcAbLjS6XTMnz8//vOf5+O9996NhQsXrnNco0aNon37DrHjjjvGLrvsGs2aNYtUKlXPuwUAADZl\nqUWLlqQbehPAhqW8vDweeuiBePvtt6OioiLS6ez/M5FKpaJJk6Zx8MEHx95775PHXQIAAPyXwAFU\nqaysjNtuGxHvv/9ejaLGuqy5guPqq6+NggJ3wwEAbGhWrFges2d/Fl9+uTiWLVsWy5cvj2bNmkXz\n5s2jVavWsdVWW0bTps0aeps5t3Dhwth8880behvkgVtUgIiImDp1avzpTzdGZWVlTuZbE0jefPON\n2HXX3XIyZ32bPn16XHvt1TV+XSqVip49e8WwYcdHUVFRHnYGAFBzM2fOiA8++CA+/PDDmDVrVixZ\n8mXG17Rs2So6duwY3/jGN2KHHXaIrbfuVA87zZ+XXnox5s+fH0cccWRDb4U8cAUHEPfff1+88cbr\ndb5qY12aN28Rv/vd7yMiYt68edG2bducr5EPn3zySVx//bV1nufyy6/YKH/yAQAkw4IFC+LNN9+I\nMWPeXO95ajWx+eabx6BBO8fOO+8Sbdq0ycEO68/LL78UDz74QOyzz74Cx0bKFRxQz9Lp9AZ1AOeV\nV/4hZs...
[35m[HTTP][39m [37m<-- GET /wd/hub/session/0b60bfc4-9c8c-4675-80be-f8e773ea6e52/screenshot [39m[32m200[39m [90m545 ms - 170066[39m
[35m[HTTP][39m [90m[39m
[35m[HTTP][39m [37m-->[39m [37mGET[39m [37m/wd/hub/session/0b60bfc4-9c8c-4675-80be-f8e773ea6e52/window/rect[39m
[35m[HTTP][39m [90m{}[39m
[debug] [35m[W3C (0b60bfc4)][39m Calling AppiumDriver.getWindowRect() with args: ["0b60bfc4-9c8c-4675-80be-f8e773ea6e52"]
[debug] [35m[WD Proxy][39m Matched '/window/current/size' to command name 'getWindowSize'
[debug] [35m[WD Proxy][39m Proxying [GET /window/current/size] to [GET http://127.0.0.1:8209/wd/hub/session/414acb57-f14a-447a-bacf-9ba455457312/window/current/size] with no body
[debug] [35m[WD Proxy][39m Got response with status 200: {"sessionId":"414acb57-f14a-447a-bacf-9ba455457312","value":{"height":2214,"width":1080}}
[debug] [35m[W3C (0b60bfc4)][39m Responding to client with driver.getWindowRect() result: {"width":1080,"height":2214,"x":0,"y":0}
[35m[HTTP][39m [37m<-- GET /wd/hub/session/0b60bfc4-9c8c-4675-80be-f8e773ea6e52/window/rect [39m[32m200[39m [90m18 ms - 50[39m
[35m[HTTP][39m [90m[39m
[35m[HTTP][39m [37m-->[39m [37mGET[39m [37m/wd/hub/session/0b60bfc4-9c8c-4675-80be-f8e773ea6e52/appium/device/system_bars[39m
[35m[HTTP][39m [90m{}[39m
[debug] [35m[W3C (0b60bfc4)][39m Calling AppiumDriver.getSystemBars() with args: ["0b60bfc4-9c8c-4675-80be-f8e773ea6e52"]
[debug] [35m[ADB][39m Running 'C:\Users\endan\AppData\Local\Android\Sdk\platform-tools\adb.exe -P 5037 -s emulator-5554 shell dumpsys window windows'
[debug] [35m[W3C (0b60bfc4)][39m Responding to client with driver.getSystemBars() result: {"statusBar":{"visible":true,"x":0,"y":0,"width":null,"height":1},"navigationBar":{"visible":true,"x":0,"y":0,"width":null,"height":1}}
[35m[HTTP][39m [37m<-- GET /wd/hub/session/0b60bfc4-9c8c-4675-80be-f8e773ea6e52/appium/device/system_bars [39m[32m200[39m [90m102 ms - 145[39m
[35m[HTTP][39m [90m[39m
[35m[HTTP][39m [37m-->[39m [37mPOST[39m [37m/wd/hub/session/0b60bfc4-9c8c-4675-80be-f8e773ea6e52/appium/device/activate_app[39m
[35m[HTTP][39m [90m{"bundleId":"com.digimasia.moleawiz"}[39m
[debug] [35m[W3C (0b60bfc4)][39m Calling AppiumDriver.activateApp() with args: ["com.digimasia.moleawiz",null,null,null,"0b60bfc4-9c8c-4675-80be-f8e773ea6e52"]
[debug] [35m[AndroidDriver][39m Activating 'com.digimasia.moleawiz' with 'adb shell monkey -p com.digimasia.moleawiz -c android.intent.category.LAUNCHER 1' command
[debug] [35m[ADB][39m Running 'C:\Users\endan\AppData\Local\Android\Sdk\platform-tools\adb.exe -P 5037 -s emulator-5554 shell monkey -p com.digimasia.moleawiz -c android.intent.category.LAUNCHER 1'
[debug] [35m[AndroidDriver][39m Command stdout: bash arg: -p
[debug] [35m[AndroidDriver][39m   bash arg: com.digimasia.moleawiz
[debug] [35m[AndroidDriver][39m   bash arg: -c
[debug] [35m[AndroidDriver][39m   bash arg: android.intent.category.LAUNCHER
[debug] [35m[AndroidDriver][39m   bash arg: 1
[debug] [35m[AndroidDriver][39m Events injected: 1
[debug] [35m[AndroidDriver][39m ## Network stats: elapsed time=35ms (0ms mobile, 0ms wifi, 35ms not connected)
[debug] [35m[W3C (0b60bfc4)][39m Responding to client with driver.activateApp() result: null
[35m[HTTP][39m [37m<-- POST /wd/hub/session/0b60bfc4-9c8c-4675-80be-f8e773ea6e52/appium/device/activate_app [39m[32m200[39m [90m439 ms - 14[39m
[35m[HTTP][39m [90m[39m
[35m[HTTP][39m [37m-->[39m [37mGET[39m [37m/wd/hub/session/0b60bfc4-9c8c-4675-80be-f8e773ea6e52/source[39m
[35m[HTTP][39m [90m{}[39m
[35m[W3C (0b60bfc4)][39m Driver proxy active, passing request on via HTTP proxy
[debug] [35m[WD Proxy][39m Matched '/wd/hub/session/0b60bfc4-9c8c-4675-80be-f8e773ea6e52/source' to command name 'getPageSource'
[debug] [35m[WD Proxy][39m Proxying [GET /wd/hub/session/0b60bfc4-9c8c-4675-80be-f8e773ea6e52/source] to [GET http://127.0.0.1:8209/wd/hub/session/414acb57-f14a-447a-bacf-9ba455457312/source] with no body
[debug] [35m[WD Proxy][39m Got response with status 200: {"sessionId":"414acb57-f14a-447a-bacf-9ba455457312","value":"<?xml version='1.0' encoding='UTF-8' standalone='yes' ?>\r\n<hierarchy index=\"0\" class=\"hierarchy\" rotation=\"0\" width=\"1080\" height=\"2214\">\r\n  <android.widget.FrameLayout index=\"0\" package=\"com.digimasia.moleawiz\" class=\"android.widget.FrameLayout\" text=\"\" checkable=\"false\" checked=\"false\" clickable=\"false\" enabled=\"true\" focusable=\"false\" focused=\"false\" long-clickable=\"false\" password=\"false\" scrollable=\"false\" selected=\"false\" bounds=\"[0,0][1080,2214]\" displayed=\"true\">\r\n    <android.widget.LinearLayout index=\"0\" package=\"com.digimasia.moleawiz\" class=\"android.widget.LinearLayout\" text=\"\" checkable=\"false\" checked=\"false\" clickable=\"false\" enabled=\"true\" focusable=\"false\" focused=\"false\" long-clickable=\"false\" password=\"false\" scrollable=\"false\" selected=\"false\" bounds=\"[0,0][1080,2214]\" displayed=\"true\">\r\n      <android.widget.FrameLayout index=\"0\" package=\"com...
[35m[WD Proxy][39m Replacing sessionId 414acb57-f14a-447a-bacf-9ba455457312 with 0b60bfc4-9c8c-4675-80be-f8e773ea6e52
[35m[HTTP][39m [37m<-- GET /wd/hub/session/0b60bfc4-9c8c-4675-80be-f8e773ea6e52/source [39m[32m200[39m [90m1068 ms - 39284[39m
[35m[HTTP][39m [90m[39m
[35m[HTTP][39m [37m-->[39m [37mGET[39m [37m/wd/hub/session/0b60bfc4-9c8c-4675-80be-f8e773ea6e52/screenshot[39m
[35m[HTTP][39m [90m{}[39m
[debug] [35m[W3C (0b60bfc4)][39m Calling AppiumDriver.getScreenshot() with args: ["0b60bfc4-9c8c-4675-80be-f8e773ea6e52"]
[debug] [35m[WD Proxy][39m Matched '/screenshot' to command name 'getScreenshot'
[debug] [35m[WD Proxy][39m Proxying [GET /screenshot] to [GET http://127.0.0.1:8209/wd/hub/session/414acb57-f14a-447a-bacf-9ba455457312/screenshot] with no body
[debug] [35m[WD Proxy][39m Got response with status 200: {"sessionId":"414acb57-f14a-447a-bacf-9ba455457312","value":"iVBORw0KGgoAAAANSUhEUgAABDgAAAjoCAYAAAA5jhrUAAAAAXNSR0IArs4c6QAAAARzQklUCAgI\nCHwIZIgAACAASURBVHic7N13eFRl3sbx+0xJ74QUSOhNEAsWVGxgX/fdxbWBDbDtWteurG1tu+qu\nvfdVUSywIrq2tXcEKbqg0gmBkEp6Mply3j8igZDMZCaZyeSE7+e6uDYz55zn+R0WcM49TzEWHzjB\nFAAAAAAAgIXZol0AAAAAAABAVxFwAAAAAAAAyyPgAAAAAAAAlkfAAQAAAAAALI+AAwAAAAAAWB4B\nBwAAAAAAsDwCDgAAAAAAYHkEHAAAAAAAwPIIOAAAAAAAgOURcAAAAAAAAMsj4AAAAAAAAJZHwAEA\nAAAAACyPgAMAAAAAAFgeAQcAAAAAALA8R7QLANCDGYZi+/dX1tQpSh6/v2Jzclodk2lKkkyvV43r\n16vi/Q9U8c478lRVtxwDAAAAgO5gLD5wAk8hALYzDNliYpR35RVKP/oo2ZzO5jAjWD6fvHV1Knr6\nWZXOmUPQAQAAAKBbEHAAaGHYbBryz38oZf/9mkONUIKNnZmmZJpaeujhMn2+8BUJAACAsLAnJyt+\nyBA5M/vIkZYme3KyvDU18lRWyl1Wroa1a+WtqYl2mWEXk5urpqKiaJeBCGCKCgBJUtJee2nYww/K\nsIVpaZ5fA5KM3x6v8vlvhafNbpYwerRGPv1k6Bf6fKr6+hutv/lm+Roaw18YAABAJySMGqnkffdV\n0j7jFD9suJx9Mjq8xl1eoYbVq1T7/WLVLFyo+l9WdkOlkdP3pBMVm5enwvsfiHYpiABGcADQgOuu\nUZ//+7+ujdjww1NZqR+P/z/JNBWblydXYWHY+4iExD3GasTjj3W5nR+OOa5XfvMBAACsIaZfrvoc\nf7wyjjtWMTuup9ZJTVu2qOLd...
[debug] [35m[W3C (0b60bfc4)][39m Responding to client with driver.getScreenshot() result: "iVBORw0KGgoAAAANSUhEUgAABDgAAAjoCAYAAAA5jhrUAAAAAXNSR0IArs4c6QAAAARzQklUCAgI\nCHwIZIgAACAASURBVHic7N13eFRl3sbx+0xJ74QUSOhNEAsWVGxgX/fdxbWBDbDtWteurG1tu+qu\nvfdVUSywIrq2tXcEKbqg0gmBkEp6Mply3j8igZDMZCaZyeSE7+e6uDYz55zn+R0WcM49TzEWHzjB\nFAAAAAAAgIXZol0AAAAAAABAVxFwAAAAAAAAyyPgAAAAAAAAlkfAAQAAAAAALI+AAwAAAAAAWB4B\nBwAAAAAAsDwCDgAAAAAAYHkEHAAAAAAAwPIIOAAAAAAAgOURcAAAAAAAAMsj4AAAAAAAAJZHwAEA\nAAAAACyPgAMAAAAAAFgeAQcAAAAAALA8R7QLANCDGYZi+/dX1tQpSh6/v2Jzclodk2lKkkyvV43r\n16vi/Q9U8c478lRVtxwDAAAAgO5gLD5wAk8hALYzDNliYpR35RVKP/oo2ZzO5jAjWD6fvHV1Knr6\nWZXOmUPQAQAAAKBbEHAAaGHYbBryz38oZf/9mkONUIKNnZmmZJpaeujhMn2+8BUJAACAsLAnJyt+\nyBA5M/vIkZYme3KyvDU18lRWyl1Wroa1a+WtqYl2mWEXk5urpqKiaJeBCGCKCgBJUtJee2nYww/K\nsIVpaZ5fA5KM3x6v8vlvhafNbpYwerRGPv1k6Bf6fKr6+hutv/lm+Roaw18YAABAJySMGqnkffdV\n0j7jFD9suJx9Mjq8xl1eoYbVq1T7/WLVLFyo+l9WdkOlkdP3pBMVm5enwvsfiHYpiABGcADQgOuu\nUZ//+7+ujdjww1NZqR+P/z/JNBWblydXYWHY+4iExD3GasTjj3W5nR+OOa5XfvMBAACsIaZfrvoc\nf7wyjjtWMTuup9ZJTVu2qOLd91T+n/+oabO1RkH0PfEPyrvyCpW+9joBRy/FCA6gPdse9COxfoTN\nJvWUKR...
[35m[HTTP][39m [37m<-- GET /wd/hub/session/0b60bfc4-9c8c-4675-80be-f8e773ea6e52/screenshot [39m[32m200[39m [90m370 ms - 137622[39m
[35m[HTTP][39m [90m[39m
[35m[HTTP][39m [37m-->[39m [37mPOST[39m [37m/wd/hub/session/0b60bfc4-9c8c-4675-80be-f8e773ea6e52/elements[39m
[35m[HTTP][39m [90m{"using":"xpath","value":"//*[@class = 'android.view.ViewGroup' and (@text = '' or . = '')]"}[39m
[debug] [35m[W3C (0b60bfc4)][39m Calling AppiumDriver.findElements() with args: ["xpath","//*[@class = 'android.view.ViewGroup' and (@text = '' or . = '')]","0b60bfc4-9c8c-4675-80be-f8e773ea6e52"]
[debug] [35m[BaseDriver][39m Valid locator strategies for this request: xpath, id, class name, accessibility id, css selector, -android uiautomator
[debug] [35m[BaseDriver][39m Waiting up to 60000 ms for condition
[debug] [35m[WD Proxy][39m Matched '/elements' to command name 'findElements'
[debug] [35m[WD Proxy][39m Proxying [POST /elements] to [POST http://127.0.0.1:8209/wd/hub/session/414acb57-f14a-447a-bacf-9ba455457312/elements] with body: {"strategy":"xpath","selector":"//*[@class = 'android.view.ViewGroup' and (@text = '' or . = '')]","context":"","multiple":true}
[debug] [35m[WD Proxy][39m Got response with status 200: {"sessionId":"414acb57-f14a-447a-bacf-9ba455457312","value":[{"ELEMENT":"00000000-0000-0106-ffff-ffff00000009","element-6066-11e4-a52e-4f735466cecf":"00000000-0000-0106-ffff-ffff00000009"},{"ELEMENT":"00000000-0000-0106-ffff-ffff0000000a","element-6066-11e4-a52e-4f735466cecf":"00000000-0000-0106-ffff-ffff0000000a"},{"ELEMENT":"00000000-0000-0106-ffff-ffff0000000b","element-6066-11e4-a52e-4f735466cecf":"00000000-0000-0106-ffff-ffff0000000b"},{"ELEMENT":"00000000-0000-0106-ffff-ffff00000018","element-6066-11e4-a52e-4f735466cecf":"00000000-0000-0106-ffff-ffff00000018"},{"ELEMENT":"00000000-0000-0106-ffff-ffff0000001a","element-6066-11e4-a52e-4f735466cecf":"00000000-0000-0106-ffff-ffff0000001a"},{"ELEMENT":"00000000-0000-0106-ffff-ffff0000001b","element-6066-11e4-a52e-4f735466cecf":"00000000-0000-0106-ffff-ffff0000001b"},{"ELEMENT":"00000000-0000-0106-ffff-ffff0000001c","element-6066-11e4-a52e-4f735466cecf":"00000000-0000-0106-ffff-ffff0000001c"},{"ELEMENT":"00000000-0000-0106-ffff-ffff0000001d","element-6066-...
[debug] [35m[W3C (0b60bfc4)][39m Responding to client with driver.findElements() result: [{"element-6066-11e4-a52e-4f735466cecf":"00000000-0000-0106-ffff-ffff00000009","ELEMENT":"00000000-0000-0106-ffff-ffff00000009"},{"element-6066-11e4-a52e-4f735466cecf":"00000000-0000-0106-ffff-ffff0000000a","ELEMENT":"00000000-0000-0106-ffff-ffff0000000a"},{"element-6066-11e4-a52e-4f735466cecf":"00000000-0000-0106-ffff-ffff0000000b","ELEMENT":"00000000-0000-0106-ffff-ffff0000000b"},{"element-6066-11e4-a52e-4f735466cecf":"00000000-0000-0106-ffff-ffff00000018","ELEMENT":"00000000-0000-0106-ffff-ffff00000018"},{"element-6066-11e4-a52e-4f735466cecf":"00000000-0000-0106-ffff-ffff0000001a","ELEMENT":"00000000-0000-0106-ffff-ffff0000001a"},{"element-6066-11e4-a52e-4f735466cecf":"00000000-0000-0106-ffff-ffff0000001b","ELEMENT":"00000000-0000-0106-ffff-ffff0000001b"},{"element-6066-11e4-a52e-4f735466cecf":"00000000-0000-0106-ffff-ffff0000001c","ELEMENT":"00000000-0000-0106-ffff-ffff0000001c"},{"element-6066-11e4-a52e-4f735466cecf":"00000000-0000-0106-ffff-ffff0000001d","ELEMENT":"00000000-0000-0106-ffff-ffff0000001...
[35m[HTTP][39m [37m<-- POST /wd/hub/session/0b60bfc4-9c8c-4675-80be-f8e773ea6e52/elements [39m[32m200[39m [90m868 ms - 5387[39m
[35m[HTTP][39m [90m[39m
[35m[HTTP][39m [37m-->[39m [37mPOST[39m [37m/wd/hub/session/0b60bfc4-9c8c-4675-80be-f8e773ea6e52/elements[39m
[35m[HTTP][39m [90m{"using":"-android uiautomator","value":"new UiSelector().className(\"android.view.ViewGroup\")"}[39m
[debug] [35m[W3C (0b60bfc4)][39m Calling AppiumDriver.findElements() with args: ["-android uiautomator","new UiSelector().className(\"android.view.ViewGroup\")","0b60bfc4-9c8c-4675-80be-f8e773ea6e52"]
[debug] [35m[BaseDriver][39m Valid locator strategies for this request: xpath, id, class name, accessibility id, css selector, -android uiautomator
[debug] [35m[BaseDriver][39m Waiting up to 60000 ms for condition
[debug] [35m[WD Proxy][39m Matched '/elements' to command name 'findElements'
[debug] [35m[WD Proxy][39m Proxying [POST /elements] to [POST http://127.0.0.1:8209/wd/hub/session/414acb57-f14a-447a-bacf-9ba455457312/elements] with body: {"strategy":"-android uiautomator","selector":"new UiSelector().className(\"android.view.ViewGroup\")","context":"","multiple":true}
[debug] [35m[WD Proxy][39m Got response with status 200: {"sessionId":"414acb57-f14a-447a-bacf-9ba455457312","value":[{"ELEMENT":"00000000-0000-0106-ffff-ffff00000009","element-6066-11e4-a52e-4f735466cecf":"00000000-0000-0106-ffff-ffff00000009"},{"ELEMENT":"00000000-0000-0106-ffff-ffff0000000a","element-6066-11e4-a52e-4f735466cecf":"00000000-0000-0106-ffff-ffff0000000a"},{"ELEMENT":"00000000-0000-0106-ffff-ffff0000000b","element-6066-11e4-a52e-4f735466cecf":"00000000-0000-0106-ffff-ffff0000000b"},{"ELEMENT":"00000000-0000-0106-ffff-ffff00000018","element-6066-11e4-a52e-4f735466cecf":"00000000-0000-0106-ffff-ffff00000018"},{"ELEMENT":"00000000-0000-0106-ffff-ffff0000001a","element-6066-11e4-a52e-4f735466cecf":"00000000-0000-0106-ffff-ffff0000001a"},{"ELEMENT":"00000000-0000-0106-ffff-ffff0000001b","element-6066-11e4-a52e-4f735466cecf":"00000000-0000-0106-ffff-ffff0000001b"},{"ELEMENT":"00000000-0000-0106-ffff-ffff0000001c","element-6066-11e4-a52e-4f735466cecf":"00000000-0000-0106-ffff-ffff0000001c"},{"ELEMENT":"00000000-0000-0106-ffff-ffff0000001d","element-6066-...
[debug] [35m[W3C (0b60bfc4)][39m Responding to client with driver.findElements() result: [{"element-6066-11e4-a52e-4f735466cecf":"00000000-0000-0106-ffff-ffff00000009","ELEMENT":"00000000-0000-0106-ffff-ffff00000009"},{"element-6066-11e4-a52e-4f735466cecf":"00000000-0000-0106-ffff-ffff0000000a","ELEMENT":"00000000-0000-0106-ffff-ffff0000000a"},{"element-6066-11e4-a52e-4f735466cecf":"00000000-0000-0106-ffff-ffff0000000b","ELEMENT":"00000000-0000-0106-ffff-ffff0000000b"},{"element-6066-11e4-a52e-4f735466cecf":"00000000-0000-0106-ffff-ffff00000018","ELEMENT":"00000000-0000-0106-ffff-ffff00000018"},{"element-6066-11e4-a52e-4f735466cecf":"00000000-0000-0106-ffff-ffff0000001a","ELEMENT":"00000000-0000-0106-ffff-ffff0000001a"},{"element-6066-11e4-a52e-4f735466cecf":"00000000-0000-0106-ffff-ffff0000001b","ELEMENT":"00000000-0000-0106-ffff-ffff0000001b"},{"element-6066-11e4-a52e-4f735466cecf":"00000000-0000-0106-ffff-ffff0000001c","ELEMENT":"00000000-0000-0106-ffff-ffff0000001c"},{"element-6066-11e4-a52e-4f735466cecf":"00000000-0000-0106-ffff-ffff0000001d","ELEMENT":"00000000-0000-0106-ffff-ffff0000001...
[35m[HTTP][39m [37m<-- POST /wd/hub/session/0b60bfc4-9c8c-4675-80be-f8e773ea6e52/elements [39m[32m200[39m [90m336 ms - 5387[39m
[35m[HTTP][39m [90m[39m
[debug] [35m[Instrumentation][39m .
[debug] [35m[Instrumentation][39m Time: 83.245
[debug] [35m[Instrumentation][39m 
[debug] [35m[Instrumentation][39m OK (1 test)
[debug] [35m[Instrumentation][39m The process has exited with code 0
[35m[BaseDriver][39m Shutting down because we waited 1800 seconds for a command
[35m[Appium][39m Closing session, cause was 'New Command Timeout of 1800 seconds expired. Try customizing the timeout using the 'newCommandTimeout' desired capability'
[35m[Appium][39m Removing session '0b60bfc4-9c8c-4675-80be-f8e773ea6e52' from our master session list
[debug] [35m[UiAutomator2][39m Deleting UiAutomator2 session
[debug] [35m[UiAutomator2][39m Deleting UiAutomator2 server session
[35m[UiAutomator2][39m Did not get confirmation UiAutomator2 deleteSession worked; Error was: UnknownError: An unknown server-side error occurred while processing the command. Original error: 'DELETE /' cannot be proxied to UiAutomator2 server because the instrumentation process is not running (probably crashed). Check the server log and/or the logcat output for more details
[debug] [35m[ADB][39m Running 'C:\Users\endan\AppData\Local\Android\Sdk\platform-tools\adb.exe -P 5037 -s emulator-5554 shell am force-stop com.android.settings'
[debug] [35m[Logcat][39m Stopping logcat capture
[debug] [35m[ADB][39m Removing forwarded port socket connection: 8209 
[debug] [35m[ADB][39m Running 'C:\Users\endan\AppData\Local\Android\Sdk\platform-tools\adb.exe -P 5037 -s emulator-5554 forward --remove tcp:8209'
[35m[UiAutomator2][39m Restoring hidden api policy to the device default configuration
[debug] [35m[ADB][39m Running 'C:\Users\endan\AppData\Local\Android\Sdk\platform-tools\adb.exe -P 5037 -s emulator-5554 shell 'settings delete global hidden_api_policy_pre_p_apps;settings delete global hidden_api_policy_p_apps;settings delete global hidden_api_policy''
[35m[HTTP][39m [37m-->[39m [37mDELETE[39m [37m/wd/hub/session/0b60bfc4-9c8c-4675-80be-f8e773ea6e52[39m
[35m[HTTP][39m [90m{}[39m
[debug] [35m[W3C (0b60bfc4)][39m Encountered internal error running command: NoSuchDriverError: A session is either terminated or not started
[debug] [35m[W3C (0b60bfc4)][39m     at asyncHandler (C:\Users\endan\AppData\Roaming\npm\node_modules\appium\node_modules\appium-base-driver\lib\protocol\protocol.js:243:15)
[debug] [35m[W3C (0b60bfc4)][39m     at C:\Users\endan\AppData\Roaming\npm\node_modules\appium\node_modules\appium-base-driver\lib\protocol\protocol.js:423:15
[debug] [35m[W3C (0b60bfc4)][39m     at Layer.handle [as handle_request] (C:\Users\endan\AppData\Roaming\npm\node_modules\appium\node_modules\express\lib\router\layer.js:95:5)
[debug] [35m[W3C (0b60bfc4)][39m     at next (C:\Users\endan\AppData\Roaming\npm\node_modules\appium\node_modules\express\lib\router\route.js:137:13)
[debug] [35m[W3C (0b60bfc4)][39m     at Route.dispatch (C:\Users\endan\AppData\Roaming\npm\node_modules\appium\node_modules\express\lib\router\route.js:112:3)
[debug] [35m[W3C (0b60bfc4)][39m     at Layer.handle [as handle_request] (C:\Users\endan\AppData\Roaming\npm\node_modules\appium\node_modules\express\lib\router\layer.js:95:5)
[debug] [35m[W3C (0b60bfc4)][39m     at C:\Users\endan\AppData\Roaming\npm\node_modules\appium\node_modules\express\lib\router\index.js:281:22
[debug] [35m[W3C (0b60bfc4)][39m     at param (C:\Users\endan\AppData\Roaming\npm\node_modules\appium\node_modules\express\lib\router\index.js:354:14)
[debug] [35m[W3C (0b60bfc4)][39m     at param (C:\Users\endan\AppData\Roaming\npm\node_modules\appium\node_modules\express\lib\router\index.js:365:14)
[debug] [35m[W3C (0b60bfc4)][39m     at Function.process_params (C:\Users\endan\AppData\Roaming\npm\node_modules\appium\node_modules\express\lib\router\index.js:410:3)
[debug] [35m[W3C (0b60bfc4)][39m     at next (C:\Users\endan\AppData\Roaming\npm\node_modules\appium\node_modules\express\lib\router\index.js:275:10)
[debug] [35m[W3C (0b60bfc4)][39m     at logger (C:\Users\endan\AppData\Roaming\npm\node_modules\appium\node_modules\morgan\index.js:144:5)
[debug] [35m[W3C (0b60bfc4)][39m     at Layer.handle [as handle_request] (C:\Users\endan\AppData\Roaming\npm\node_modules\appium\node_modules\express\lib\router\layer.js:95:5)
[debug] [35m[W3C (0b60bfc4)][39m     at trim_prefix (C:\Users\endan\AppData\Roaming\npm\node_modules\appium\node_modules\express\lib\router\index.js:317:13)
[debug] [35m[W3C (0b60bfc4)][39m     at C:\Users\endan\AppData\Roaming\npm\node_modules\appium\node_modules\express\lib\router\index.js:284:7
[debug] [35m[W3C (0b60bfc4)][39m     at Function.process_params (C:\Users\endan\AppData\Roaming\npm\node_modules\appium\node_modules\express\lib\router\index.js:335:12)
[35m[HTTP][39m [37m<-- DELETE /wd/hub/session/0b60bfc4-9c8c-4675-80be-f8e773ea6e52 [39m[33m404[39m [90m20 ms - 2396[39m
[35m[HTTP][39m [90m[39m
                                                                                                                                                                                                                                                                                                                                                                                                                                                                                                                                                                                                                                                                                                                                                                                                                                                                                                                                                                                                                                                                                                                                                                                                                                                                                                                                                                                                                                                                                                                                                                                                                                                                                                                                                                                                                                                                                                                                                                                                                                                                                                                                                                                                                                                                                                                                                                                                                                                                                                                                                                                                                                                                                                                                                                                                                                                                                                                                                                                                                                                                                                                                                                                                                                                                                                                                                                                                                                                                                                                                                                                                                                                                                                                                                                                                                                                                                                                                                                                                                                                                                                                                                                                                                                                                                                                                                                                                                                                                                                                                                                                                                                                                                                                                                                                                                                                                                                                                                                                                                                                                                                                                                                                                                                                                                                                                                                                                                                                                                                                                                                                                                                                                                                                                                                                                                                                                                                                                                                                                                                                                                                                                                                                                                                                                                                                                                                                                                                                                                                                                                                                                                                                                                                                                                                                                                                                                                                                                                                                                                                                                                                                                                                                                                                                                                                                                                                                                                                                                                                                                                                                                                                                                                                                                                                                                                                                                                                                                                                                                                                                                                                                                                                                                                                                                                                                                                                                                                                                                                                                                                                                                                                                                                                                                                                                                                                                                                                                                                                                                                                                                                                                                                                                                                                                                                                                                                                                                                                                                                                                                                                                                                                                                                                                                                                                                                                                                                                                                                                                                                                                                                                                                                                                                                                                                                                                                                                                                                                                                                                                                                                                                                                                                                                                                                                                                                                                                                                                                                                                                                                                                                                                                                                                                                                                                                                                                                                                                                                                                                                                                                                                                                                                                                                                                                                                                                                                                                                                                                                                                                                                                                                                                                                                                                                                                                                                                                                                                                                                                                                                                                                                                                                                                                                                                                                                                                                                                                                                                                                                                                                                                                                                                                                                                                                                                                                                                                                                                                                                                                                                                                                                                                                                                                                                                                                                                                                                                                                                                                                                                                                                                                                                                                                                                                                                                                                                                                                                                                                                                                                                                                                                                                                                                                                                                                                                                                                                                                                                                                                                                                                                                                                                                                                                                                                                                                                                                                                                                                                                                                                                                                                                                                                                                                                                                                                                                                                                                                                                                                                                                                                                                                                                                                                                                                                                                                                                                                                                                                                                                                                                                                                                                                                                                                                                                                                                                                                                                                                                                                                                                                                                                                                                                                                                                                                                                                                                                                                                                                                                                                                                                                                                                                                                                                                                                                                                                                                                                                                                                                                                                                                                                                                                                                                                                                                                                                                                                                                                                                                                                                                                                                                                                                                                                                                                                                                                                                                                                                                                                                                                                                                                                                                                                                                                                                                                                                                                                                                                                                                                                                                                                                                                                                                                                                                                                                                                                                                                                                                                                                                                                                                                                                                                                                                                                                                                                                                                                                                                                                                                                                                                                                                                                                                                                                                                                                                                                                                                                                                                                                                                                                                                                                                                                                                                                                                                                                                                                                                                                                                                                                                                                                                                                                                                                                                                                                                                                                                                                                                                                                                                                                                                                                                                                                                                                                                                                                                                                                                                                                                                                                                                                                                                                                                                                                                                                                                                                                                                                                                                                                                                                                                                                                                                                                                                                                                                                                                                                                                                                                                                                                                                                                                                                                                                                                                                                                                                                                                                                                                                                                                                                                                                                                                                                                                                                                                                                                                                                                                                                                                                                                                                                                                                                                                                                                                                                                                                                                                                                                                                                                                                                                                                                                                                                                                                                                                                                                                                                                                                                                                                                                                                                                                                                                                                                                                                                                                                                                                                                                                                                                                                                                                                                                                                                                                                                                                                                                                                                                                                                                                                                                                                                                                                                                                                                                                                                                                                                                                                                                                                                                                                                                                                                                                                                                                                                                                                                                                                                                                                                                                                                                                                                                                                                                                                                                                                                                                                                                                                                                                                                                                                                                                                                                                                                                                                                                [35m[BaseDriver][39m Shutting down because we waited 1800 seconds for a command
[35m[Appium][39m Closing session, cause was 'New Command Timeout of 1800 seconds expired. Try customizing the timeout using the 'newCommandTimeout' desired capability'
[35m[Appium][39m Removing session '88081a24-c6fb-48b3-8d48-543e3f1f1f3a' from our master session list
[debug] [35m[UiAutomator2][39m Deleting UiAutomator2 session
[debug] [35m[UiAutomator2][39m Deleting UiAutomator2 server session
[35m[UiAutomator2][39m Did not get confirmation UiAutomator2 deleteSession worked; Error was: UnknownError: An unknown server-side error occurred while processing the command. Original error: 'DELETE /' cannot be proxied to UiAutomator2 server because the instrumentation process is not running (probably crashed). Check the server log and/or the logcat output for more details
[debug] [35m[ADB][39m Running 'C:\Users\endan\AppData\Local\Android\Sdk\platform-tools\adb.exe -P 5037 -s emulator-5554 shell am force-stop com.android.settings'
[debug] [35m[Logcat][39m Stopping logcat capture
[debug] [35m[ADB][39m Removing forwarded port socket connection: 8244 
[debug] [35m[ADB][39m Running 'C:\Users\endan\AppData\Local\Android\Sdk\platform-tools\adb.exe -P 5037 -s emulator-5554 forward --remove tcp:8244'
[35m[UiAutomator2][39m Restoring hidden api policy to the device default configuration
[debug] [35m[ADB][39m Running 'C:\Users\endan\AppData\Local\Android\Sdk\platform-tools\adb.exe -P 5037 -s emulator-5554 shell 'settings delete global hidden_api_policy_pre_p_apps;settings delete global hidden_api_policy_p_apps;settings delete global hidden_api_policy''
[35m[HTTP][39m [37m-->[39m [37mDELETE[39m [37m/wd/hub/session/88081a24-c6fb-48b3-8d48-543e3f1f1f3a[39m
[35m[HTTP][39m [90m{}[39m
[debug] [35m[W3C (88081a24)][39m Encountered internal error running command: NoSuchDriverError: A session is either terminated or not started
[debug] [35m[W3C (88081a24)][39m     at asyncHandler (C:\Users\endan\AppData\Roaming\npm\node_modules\appium\node_modules\appium-base-driver\lib\protocol\protocol.js:243:15)
[debug] [35m[W3C (88081a24)][39m     at C:\Users\endan\AppData\Roaming\npm\node_modules\appium\node_modules\appium-base-driver\lib\protocol\protocol.js:423:15
[debug] [35m[W3C (88081a24)][39m     at Layer.handle [as handle_request] (C:\Users\endan\AppData\Roaming\npm\node_modules\appium\node_modules\express\lib\router\layer.js:95:5)
[debug] [35m[W3C (88081a24)][39m     at next (C:\Users\endan\AppData\Roaming\npm\node_modules\appium\node_modules\express\lib\router\route.js:137:13)
[debug] [35m[W3C (88081a24)][39m     at Route.dispatch (C:\Users\endan\AppData\Roaming\npm\node_modules\appium\node_modules\express\lib\router\route.js:112:3)
[debug] [35m[W3C (88081a24)][39m     at Layer.handle [as handle_request] (C:\Users\endan\AppData\Roaming\npm\node_modules\appium\node_modules\express\lib\router\layer.js:95:5)
[debug] [35m[W3C (88081a24)][39m     at C:\Users\endan\AppData\Roaming\npm\node_modules\appium\node_modules\express\lib\router\index.js:281:22
[debug] [35m[W3C (88081a24)][39m     at param (C:\Users\endan\AppData\Roaming\npm\node_modules\appium\node_modules\express\lib\router\index.js:354:14)
[debug] [35m[W3C (88081a24)][39m     at param (C:\Users\endan\AppData\Roaming\npm\node_modules\appium\node_modules\express\lib\router\index.js:365:14)
[debug] [35m[W3C (88081a24)][39m     at Function.process_params (C:\Users\endan\AppData\Roaming\npm\node_modules\appium\node_modules\express\lib\router\index.js:410:3)
[debug] [35m[W3C (88081a24)][39m     at next (C:\Users\endan\AppData\Roaming\npm\node_modules\appium\node_modules\express\lib\router\index.js:275:10)
[debug] [35m[W3C (88081a24)][39m     at logger (C:\Users\endan\AppData\Roaming\npm\node_modules\appium\node_modules\morgan\index.js:144:5)
[debug] [35m[W3C (88081a24)][39m     at Layer.handle [as handle_request] (C:\Users\endan\AppData\Roaming\npm\node_modules\appium\node_modules\express\lib\router\layer.js:95:5)
[debug] [35m[W3C (88081a24)][39m     at trim_prefix (C:\Users\endan\AppData\Roaming\npm\node_modules\appium\node_modules\express\lib\router\index.js:317:13)
[debug] [35m[W3C (88081a24)][39m     at C:\Users\endan\AppData\Roaming\npm\node_modules\appium\node_modules\express\lib\router\index.js:284:7
[debug] [35m[W3C (88081a24)][39m     at Function.process_params (C:\Users\endan\AppData\Roaming\npm\node_modules\appium\node_modules\express\lib\router\index.js:335:12)
[35m[HTTP][39m [37m<-- DELETE /wd/hub/session/88081a24-c6fb-48b3-8d48-543e3f1f1f3a [39m[33m404[39m [90m16 ms - 2396[39m
[35m[HTTP][39m [90m[39m
